20/03/2026, 23:40:26, Nome do arquivo: organizador/Artigo_cientifico.docx, Destino final: arquivos_organizados/docx
20/03/2026, 23:40:26, Nome do arquivo: organizador/Carta-proposta.docx, Destino final: arquivos_organizados/docx
20/03/2026, 23:40:26, Nome do arquivo: organizador/wallpaper2.jpg, Destino final: arquivos_organizados/jpg
20/03/2026, 23:40:26, Nome do arquivo: organizador/contrato_da_empresa.pdf, Destino final: arquivos_organizados/pdf
20/03/2026, 23:40:26, Nome do arquivo: organizador/EXEMPLO_ORCAMENTO_ANUAL_EMPRESARIAL2-1-1.xlsx, Destino final: arquivos_organizados/xlsx
20/03/2026, 23:40:26, Nome do arquivo: organizador/wallpaper.jpg, Destino final: arquivos_organizados/jpg
20/03/2026, 23:40:26, Nome do arquivo: organizador/relatorio_semanal.txt, Destino final: arquivos_organizados/txt
20/03/2026, 23:40:26, Nome do arquivo: organizador/bomba_dagua.png, Destino final: arquivos_organizados/png
20/03/2026, 23:40:26, Nome do arquivo: organizador/acompanhamento_vendas.xlsx, Destino final: arquivos_organizados/xlsx
20/03/2026, 23:40:26, Nome do arquivo: organizador/betoneira.png, Destino final: arquivos_organizados/png
20/03/2026, 23:40:26, Nome do arquivo: organizador/gatinho.png, Destino final: arquivos_organizados/png
20/03/2026, 23:40:26, Nome do arquivo: organizador/Controle-de-Cheques.xlsx, Destino final: arquivos_organizados/xlsx
20/03/2026, 23:44:37, Nome do arquivo: organizador/Artigo_cientifico.docx, Destino final: arquivos_organizados/docx
20/03/2026, 23:44:37, Nome do arquivo: organizador/Carta-proposta.docx, Destino final: arquivos_organizados/docx
20/03/2026, 23:44:37, Nome do arquivo: organizador/wallpaper2.jpg, Destino final: arquivos_organizados/jpg
20/03/2026, 23:44:37, Nome do arquivo: organizador/contrato_da_empresa.pdf, Destino final: arquivos_organizados/pdf
20/03/2026, 23:44:37, Nome do arquivo: organizador/EXEMPLO_ORCAMENTO_ANUAL_EMPRESARIAL2-1-1.xlsx, Destino final: arquivos_organizados/xlsx
20/03/2026, 23:44:37, Nome do arquivo: organizador/wallpaper.jpg, Destino final: arquivos_organizados/jpg
20/03/2026, 23:44:37, Nome do arquivo: organizador/relatorio_semanal.txt, Destino final: arquivos_organizados/txt
20/03/2026, 23:44:37, Nome do arquivo: organizador/bomba_dagua.png, Destino final: arquivos_organizados/png
20/03/2026, 23:44:37, Nome do arquivo: organizador/acompanhamento_vendas.xlsx, Destino final: arquivos_organizados/xlsx
20/03/2026, 23:44:37, Nome do arquivo: organizador/betoneira.png, Destino final: arquivos_organizados/png
20/03/2026, 23:44:37, Nome do arquivo: organizador/gatinho.png, Destino final: arquivos_organizados/png
20/03/2026, 23:44:37, Nome do arquivo: organizador/Controle-de-Cheques.xlsx, Destino final: arquivos_organizados/xlsx
